[2016-09-29 11:45:02] request.INFO: Matched route "sonata_admin_dashboard". {"route_parameters":{"_controller":"Sonata\\AdminBundle\\Controller\\CoreController::dashboardAction","_route":"sonata_admin_dashboard"},"request_uri":"http://sonata.dev/admin/dashboard"} []
[2016-09-29 11:45:02] security.DEBUG: Read existing security token from the session. {"key":"_security_user"} []
[2016-09-29 11:45:02] security.DEBUG: User was reloaded from a user provider. {"username":"admin","provider":"Sonata\\UserBundle\\Entity\\UserManager"} []
[2016-09-29 11:45:03] app.INFO: [cms::renderBlock] block.id=57, block.type=sonata.admin.block.admin_list  [] []
[2016-09-29 11:45:03] request.CRITICAL: Uncaught PHP Exception Twig_Error_Runtime: "An exception has been thrown during the rendering of a template ("Unable to generate a URL for the named route "console" as such route does not exist.") in "AppBundle::custom_layout.html.twig" at line 16." at /var/www/symfony/app/cache/prod/classes.php line 5365 {"exception":"[object] (Twig_Error_Runtime(code: 0): An exception has been thrown during the rendering of a template (\"Unable to generate a URL for the named route \"console\" as such route does not exist.\") in \"AppBundle::custom_layout.html.twig\" at line 16. at /var/www/symfony/app/cache/prod/classes.php:5365, Symfony\\Component\\Routing\\Exception\\RouteNotFoundException(code: 0): Unable to generate a URL for the named route \"console\" as such route does not exist. at /var/www/symfony/app/cache/prod/appProdUrlGenerator.php:107)"} []
[2016-09-29 11:45:03] security.DEBUG: Stored the security token in the session. {"key":"_security_user"} []
[2016-09-29 12:11:34] request.INFO: Matched route "sonata_admin_dashboard". {"route_parameters":{"_controller":"Sonata\\AdminBundle\\Controller\\CoreController::dashboardAction","_route":"sonata_admin_dashboard"},"request_uri":"http://sonata.dev/admin/dashboard"} []
[2016-09-29 12:11:34] security.DEBUG: Read existing security token from the session. {"key":"_security_user"} []
[2016-09-29 12:11:34] security.DEBUG: User was reloaded from a user provider. {"username":"admin","provider":"Sonata\\UserBundle\\Entity\\UserManager"} []
[2016-09-29 12:11:34] app.INFO: [cms::renderBlock] block.id=57, block.type=sonata.admin.block.admin_list  [] []
[2016-09-29 12:11:34] request.CRITICAL: Uncaught PHP Exception Twig_Error_Runtime: "An exception has been thrown during the rendering of a template ("Unable to generate a URL for the named route "console" as such route does not exist.") in "AppBundle::custom_layout.html.twig" at line 16." at /var/www/symfony/app/cache/prod/classes.php line 5365 {"exception":"[object] (Twig_Error_Runtime(code: 0): An exception has been thrown during the rendering of a template (\"Unable to generate a URL for the named route \"console\" as such route does not exist.\") in \"AppBundle::custom_layout.html.twig\" at line 16. at /var/www/symfony/app/cache/prod/classes.php:5365, Symfony\\Component\\Routing\\Exception\\RouteNotFoundException(code: 0): Unable to generate a URL for the named route \"console\" as such route does not exist. at /var/www/symfony/app/cache/prod/appProdUrlGenerator.php:107)"} []
[2016-09-29 12:11:34] security.DEBUG: Stored the security token in the session. {"key":"_security_user"} []
[2016-09-29 12:11:37] request.INFO: Matched route "sonata_admin_dashboard". {"route_parameters":{"_controller":"Sonata\\AdminBundle\\Controller\\CoreController::dashboardAction","_route":"sonata_admin_dashboard"},"request_uri":"http://sonata.dev/admin/dashboard"} []
[2016-09-29 12:11:37] security.DEBUG: Read existing security token from the session. {"key":"_security_user"} []
[2016-09-29 12:11:37] security.DEBUG: User was reloaded from a user provider. {"username":"admin","provider":"Sonata\\UserBundle\\Entity\\UserManager"} []
[2016-09-29 12:11:37] app.INFO: [cms::renderBlock] block.id=57, block.type=sonata.admin.block.admin_list  [] []
[2016-09-29 12:11:37] request.CRITICAL: Uncaught PHP Exception Twig_Error_Runtime: "An exception has been thrown during the rendering of a template ("Unable to generate a URL for the named route "console" as such route does not exist.") in "AppBundle::custom_layout.html.twig" at line 16." at /var/www/symfony/app/cache/prod/classes.php line 5365 {"exception":"[object] (Twig_Error_Runtime(code: 0): An exception has been thrown during the rendering of a template (\"Unable to generate a URL for the named route \"console\" as such route does not exist.\") in \"AppBundle::custom_layout.html.twig\" at line 16. at /var/www/symfony/app/cache/prod/classes.php:5365, Symfony\\Component\\Routing\\Exception\\RouteNotFoundException(code: 0): Unable to generate a URL for the named route \"console\" as such route does not exist. at /var/www/symfony/app/cache/prod/appProdUrlGenerator.php:107)"} []
[2016-09-29 12:11:37] security.DEBUG: Stored the security token in the session. {"key":"_security_user"} []
[2016-09-29 12:12:01] request.INFO: Matched route "sonata_admin_dashboard". {"route_parameters":{"_controller":"Sonata\\AdminBundle\\Controller\\CoreController::dashboardAction","_route":"sonata_admin_dashboard"},"request_uri":"http://sonata.dev/admin/dashboard"} []
[2016-09-29 12:12:01] security.DEBUG: Read existing security token from the session. {"key":"_security_user"} []
[2016-09-29 12:12:01] security.DEBUG: User was reloaded from a user provider. {"username":"admin","provider":"Sonata\\UserBundle\\Entity\\UserManager"} []
[2016-09-29 12:12:01] app.INFO: [cms::renderBlock] block.id=57, block.type=sonata.admin.block.admin_list  [] []
[2016-09-29 12:12:01] request.CRITICAL: Uncaught PHP Exception Twig_Error_Runtime: "An exception has been thrown during the rendering of a template ("Unable to generate a URL for the named route "console" as such route does not exist.") in "AppBundle::custom_layout.html.twig" at line 16." at /var/www/symfony/app/cache/prod/classes.php line 5365 {"exception":"[object] (Twig_Error_Runtime(code: 0): An exception has been thrown during the rendering of a template (\"Unable to generate a URL for the named route \"console\" as such route does not exist.\") in \"AppBundle::custom_layout.html.twig\" at line 16. at /var/www/symfony/app/cache/prod/classes.php:5365, Symfony\\Component\\Routing\\Exception\\RouteNotFoundException(code: 0): Unable to generate a URL for the named route \"console\" as such route does not exist. at /var/www/symfony/app/cache/prod/appProdUrlGenerator.php:107)"} []
[2016-09-29 12:12:01] security.DEBUG: Stored the security token in the session. {"key":"_security_user"} []
[2016-09-29 12:12:03] request.INFO: Matched route "sonata_admin_dashboard". {"route_parameters":{"_controller":"Sonata\\AdminBundle\\Controller\\CoreController::dashboardAction","_route":"sonata_admin_dashboard"},"request_uri":"http://sonata.dev/admin/dashboard"} []
[2016-09-29 12:12:03] security.DEBUG: Read existing security token from the session. {"key":"_security_user"} []
[2016-09-29 12:12:03] security.DEBUG: User was reloaded from a user provider. {"username":"admin","provider":"Sonata\\UserBundle\\Entity\\UserManager"} []
[2016-09-29 12:12:03] app.INFO: [cms::renderBlock] block.id=57, block.type=sonata.admin.block.admin_list  [] []
[2016-09-29 12:12:03] request.CRITICAL: Uncaught PHP Exception Twig_Error_Runtime: "An exception has been thrown during the rendering of a template ("Unable to generate a URL for the named route "console" as such route does not exist.") in "AppBundle::custom_layout.html.twig" at line 16." at /var/www/symfony/app/cache/prod/classes.php line 5365 {"exception":"[object] (Twig_Error_Runtime(code: 0): An exception has been thrown during the rendering of a template (\"Unable to generate a URL for the named route \"console\" as such route does not exist.\") in \"AppBundle::custom_layout.html.twig\" at line 16. at /var/www/symfony/app/cache/prod/classes.php:5365, Symfony\\Component\\Routing\\Exception\\RouteNotFoundException(code: 0): Unable to generate a URL for the named route \"console\" as such route does not exist. at /var/www/symfony/app/cache/prod/appProdUrlGenerator.php:107)"} []
[2016-09-29 12:12:03] security.DEBUG: Stored the security token in the session. {"key":"_security_user"} []
[2016-09-29 12:12:04] request.INFO: Matched route "sonata_admin_dashboard". {"route_parameters":{"_controller":"Sonata\\AdminBundle\\Controller\\CoreController::dashboardAction","_route":"sonata_admin_dashboard"},"request_uri":"http://sonata.dev/admin/dashboard"} []
[2016-09-29 12:12:04] security.DEBUG: Read existing security token from the session. {"key":"_security_user"} []
[2016-09-29 12:12:04] security.DEBUG: User was reloaded from a user provider. {"username":"admin","provider":"Sonata\\UserBundle\\Entity\\UserManager"} []
[2016-09-29 12:12:04] app.INFO: [cms::renderBlock] block.id=57, block.type=sonata.admin.block.admin_list  [] []
[2016-09-29 12:12:04] request.CRITICAL: Uncaught PHP Exception Twig_Error_Runtime: "An exception has been thrown during the rendering of a template ("Unable to generate a URL for the named route "console" as such route does not exist.") in "AppBundle::custom_layout.html.twig" at line 16." at /var/www/symfony/app/cache/prod/classes.php line 5365 {"exception":"[object] (Twig_Error_Runtime(code: 0): An exception has been thrown during the rendering of a template (\"Unable to generate a URL for the named route \"console\" as such route does not exist.\") in \"AppBundle::custom_layout.html.twig\" at line 16. at /var/www/symfony/app/cache/prod/classes.php:5365, Symfony\\Component\\Routing\\Exception\\RouteNotFoundException(code: 0): Unable to generate a URL for the named route \"console\" as such route does not exist. at /var/www/symfony/app/cache/prod/appProdUrlGenerator.php:107)"} []
[2016-09-29 12:12:04] security.DEBUG: Stored the security token in the session. {"key":"_security_user"} []
[2016-09-29 12:12:07] request.INFO: Matched route "sonata_admin_dashboard". {"route_parameters":{"_controller":"Sonata\\AdminBundle\\Controller\\CoreController::dashboardAction","_route":"sonata_admin_dashboard"},"request_uri":"http://sonata.dev/admin/dashboard"} []
[2016-09-29 12:12:07] security.DEBUG: Read existing security token from the session. {"key":"_security_user"} []
[2016-09-29 12:12:07] security.DEBUG: User was reloaded from a user provider. {"username":"admin","provider":"Sonata\\UserBundle\\Entity\\UserManager"} []
[2016-09-29 12:12:07] app.INFO: [cms::renderBlock] block.id=57, block.type=sonata.admin.block.admin_list  [] []
[2016-09-29 12:12:07] request.CRITICAL: Uncaught PHP Exception Twig_Error_Runtime: "An exception has been thrown during the rendering of a template ("Unable to generate a URL for the named route "console" as such route does not exist.") in "AppBundle::custom_layout.html.twig" at line 16." at /var/www/symfony/app/cache/prod/classes.php line 5365 {"exception":"[object] (Twig_Error_Runtime(code: 0): An exception has been thrown during the rendering of a template (\"Unable to generate a URL for the named route \"console\" as such route does not exist.\") in \"AppBundle::custom_layout.html.twig\" at line 16. at /var/www/symfony/app/cache/prod/classes.php:5365, Symfony\\Component\\Routing\\Exception\\RouteNotFoundException(code: 0): Unable to generate a URL for the named route \"console\" as such route does not exist. at /var/www/symfony/app/cache/prod/appProdUrlGenerator.php:107)"} []
[2016-09-29 12:12:07] security.DEBUG: Stored the security token in the session. {"key":"_security_user"} []
